{
  "seleniumLog": [],
  "checkPoints": [
    {
      "message": "Failed to parse resource at: file:///D:/FNPProject/D-SiteWorkSpace/coindcx_webautomation/src/test/resources/features/login.feature\n(1:1): expected: #EOF, #Language, #TagLine, #FeatureLine, #Comment, #Empty, got 'Scenario: Verify response when request is sent with invalid email length'\n(2:2): expected: #EOF, #Language, #TagLine, #FeatureLine, #Comment, #Empty, got 'Given user have a CoinDCX base uri with invalid data'\n(3:2): expected: #EOF, #Language, #TagLine, #FeatureLine, #Comment, #Empty, got 'When user hits CoinDCX \"authenticateAPI\" with \"POST\" http request'\n(4:2): expected: #EOF, #Language, #TagLine, #FeatureLine, #Comment, #Empty, got 'Then the API call should be success with status code 422'\n(5:2): expected: #EOF, #Language, #TagLine, #FeatureLine, #Comment, #Empty, got 'And \"status\" in response body should be \"error\"'\n(6:2): expected: #EOF, #Language, #TagLine, #FeatureLine, #Comment, #Empty, got 'And \"message\" in response body should be \"\\\"email\\\" length must be at least 5 characters long\"'",
      "type": "Fail",
      "screenshot": "",
      "duration": 0,
      "threshold": 0,
      "subCheckPoints": []
    }
  ],
  "errorTrace": "java.lang.RuntimeException: java.lang.ClassCastException: class org.testng.internal.TestNGMethod cannot be cast to class com.qmetry.qaf.automation.step.client.TestNGScenario (org.testng.internal.TestNGMethod and com.qmetry.qaf.automation.step.client.TestNGScenario are in unnamed module of loader 'app')\r\n\tat org.testng.internal.MethodInvocationHelper.invokeMethodNoCheckedException(MethodInvocationHelper.java:49)\r\n\tat org.testng.internal.MethodInvocationHelper.invokeDataProvider(MethodInvocationHelper.java:131)\r\n\tat org.testng.internal.Parameters.handleParameters(Parameters.java:706)\r\n\tat org.testng.internal.ParameterHandler.handleParameters(ParameterHandler.java:49)\r\n\tat org.testng.internal.ParameterHandler.createParameters(ParameterHandler.java:37)\r\n\tat org.testng.internal.Invoker.invokeTestMethods(Invoker.java:924)\r\n\tat org.testng.internal.TestMethodWorker.invokeTestMethods(TestMethodWorker.java:125)\r\n\tat org.testng.internal.TestMethodWorker.run(TestMethodWorker.java:109)\r\n\tat org.testng.TestRunner.privateRun(TestRunner.java:648)\r\n\tat org.testng.TestRunner.run(TestRunner.java:505)\r\n\tat org.testng.SuiteRunner.runTest(SuiteRunner.java:455)\r\n\tat org.testng.SuiteRunner.runSequentially(SuiteRunner.java:450)\r\n\tat org.testng.SuiteRunner.privateRun(SuiteRunner.java:415)\r\n\tat org.testng.SuiteRunner.run(SuiteRunner.java:364)\r\n\tat org.testng.SuiteRunnerWorker.runSuite(SuiteRunnerWorker.java:52)\r\n\tat org.testng.SuiteRunnerWorker.run(SuiteRunnerWorker.java:84)\r\n\tat org.testng.TestNG.runSuitesSequentially(TestNG.java:1208)\r\n\tat org.testng.TestNG.runSuitesLocally(TestNG.java:1137)\r\n\tat org.testng.TestNG.runSuites(TestNG.java:1049)\r\n\tat org.testng.TestNG.run(TestNG.java:1017)\r\n\tat org.testng.remote.AbstractRemoteTestNG.run(AbstractRemoteTestNG.java:115)\r\n\tat org.testng.remote.RemoteTestNG.initAndRun(RemoteTestNG.java:251)\r\n\tat org.testng.remote.RemoteTestNG.main(RemoteTestNG.java:77)\r\nCaused by: java.lang.ClassCastException: class org.testng.internal.TestNGMethod cannot be cast to class com.qmetry.qaf.automation.step.client.TestNGScenario (org.testng.internal.TestNGMethod and com.qmetry.qaf.automation.step.client.TestNGScenario are in unnamed module of loader 'app')\r\n\tat com.qmetry.qaf.automation.testng.dataprovider.QAFInetrceptableDataProvider.interceptedDataProvider(QAFInetrceptableDataProvider.java:92)\r\n\tat java.base/jdk.internal.reflect.NativeMethodAccessorImpl.invoke0(Native Method)\r\n\tat java.base/jdk.internal.reflect.NativeMethodAccessorImpl.invoke(NativeMethodAccessorImpl.java:64)\r\n\tat java.base/jdk.internal.reflect.DelegatingMethodAccessorImpl.invoke(DelegatingMethodAccessorImpl.java:43)\r\n\tat java.base/java.lang.reflect.Method.invoke(Method.java:564)\r\n\tat org.testng.internal.MethodInvocationHelper.invokeMethod(MethodInvocationHelper.java:124)\r\n\tat org.testng.internal.MethodInvocationHelper.invokeMethod(MethodInvocationHelper.java:74)\r\n\tat org.testng.internal.MethodInvocationHelper.invokeMethodNoCheckedException(MethodInvocationHelper.java:45)\r\n\t... 22 more\r\n"
}